#
# There is insufficient memory for the Java Runtime Environment to continue.
# Native memory allocation (malloc) failed to allocate 1442416 bytes for Chunk::new
# Possible reasons:
#   The system is out of physical RAM or swap space
#   The process is running with CompressedOops enabled, and the Java Heap may be blocking the growth of the native heap
# Possible solutions:
#   Reduce memory load on the system
#   Increase physical memory or swap space
#   Check if swap backing store is full
#   Decrease Java heap size (-Xmx/-Xms)
#   Decrease number of Java threads
#   Decrease Java thread stack sizes (-Xss)
#   Set larger code cache with -XX:ReservedCodeCacheSize=
#   JVM is running with Unscaled Compressed Oops mode in which the Java heap is
#     placed in the first 4GB address space. The Java Heap base address is the
#     maximum limit for the native heap growth. Please use -XX:HeapBaseMinAddress
#     to set the Java Heap base and to place the Java Heap above 4GB virtual address.
# This output file may be truncated or incomplete.
#
#  Out of Memory Error (./src/hotspot/share/memory/arena.cpp:197), pid=19120, tid=2164
#
# JRE version: OpenJDK Runtime Environment Corretto-11.0.9.12.1 (11.0.9.1+12) (build 11.0.9.1+12-LTS)
# Java VM: OpenJDK 64-Bit Server VM Corretto-11.0.9.12.1 (11.0.9.1+12-LTS, mixed mode, tiered, compressed oops, g1 gc, windows-amd64)
# No core dump will be written. Minidumps are not enabled by default on client versions of Windows
#

---------------  S U M M A R Y ------------

Command Line: -XX:MaxMetaspaceSize=512m -XX:+HeapDumpOnOutOfMemoryError --add-opens=java.base/java.util=ALL-UNNAMED --add-opens=java.base/java.lang=ALL-UNNAMED --add-opens=java.base/java.lang.invoke=ALL-UNNAMED --add-opens=java.prefs/java.util.prefs=ALL-UNNAMED -Xmx1024m -Dfile.encoding=utf-8 -Duser.country=SG -Duser.language=en -Duser.variant org.gradle.launcher.daemon.bootstrap.GradleDaemon 5.2.1

Host: AMD Ryzen 5 3600 6-Core Processor              , 12 cores, 15G,  Windows 10 , 64 bit Build 19041 (10.0.19041.1202)
Time: Wed Oct 13 01:51:42 2021 Malay Peninsula Standard Time elapsed time: 2.641401 seconds (0d 0h 0m 2s)

---------------  T H R E A D  ---------------

Current thread (0x00000266be235800):  JavaThread "C2 CompilerThread2" daemon [_thread_in_native, id=2164, stack(0x000000fa49300000,0x000000fa49400000)]


Current CompileTask:
C2:   2641 2567       4       groovy.lang.MetaClassImpl$1MOPIter::methodNameAction (325 bytes)

Stack: [0x000000fa49300000,0x000000fa49400000]
Native frames: (J=compiled Java code, j=interpreted, Vv=VM code, C=native code)
V  [jvm.dll+0x5f504a]
V  [jvm.dll+0x77d3ee]
V  [jvm.dll+0x77eabf]
V  [jvm.dll+0x77f183]
V  [jvm.dll+0x247668]
V  [jvm.dll+0xbe2bc]
V  [jvm.dll+0xbe9bc]
V  [jvm.dll+0x34cf42]
V  [jvm.dll+0x199631]
V  [jvm.dll+0x201212]
V  [jvm.dll+0x2002bf]
V  [jvm.dll+0x184fbc]
V  [jvm.dll+0x20f697]
V  [jvm.dll+0x20d87b]
V  [jvm.dll+0x741ca9]
V  [jvm.dll+0x73ad54]
V  [jvm.dll+0x5f3f76]
C  [ucrtbase.dll+0x21bb2]
C  [KERNEL32.DLL+0x17034]
C  [ntdll.dll+0x52651]


---------------  P R O C E S S  ---------------

Threads class SMR info:
_java_thread_list=0x00000266be1fa030, length=27, elements={
0x000002669e298800, 0x00000266bb8b2000, 0x00000266bc0ea800, 0x00000266bc0f7800,
0x00000266bc13c000, 0x00000266bc140000, 0x00000266bc144000, 0x00000266bc155000,
0x00000266bc2e4000, 0x00000266bc2f2000, 0x00000266bdf76000, 0x00000266bc73c800,
0x00000266bdac0800, 0x00000266bdd93800, 0x00000266bd435800, 0x00000266bd43a800,
0x00000266be239800, 0x00000266bdb93000, 0x00000266bdb96800, 0x00000266be236800,
0x00000266be237800, 0x00000266be231800, 0x00000266be238000, 0x00000266be235800,
0x00000266be232800, 0x00000266c08ea000, 0x00000266c08e9800
}

Java Threads: ( => current thread )
  0x000002669e298800 JavaThread "main" [_thread_blocked, id=24136, stack(0x000000fa47000000,0x000000fa47100000)]
  0x00000266bb8b2000 JavaThread "Reference Handler" daemon [_thread_blocked, id=21492, stack(0x000000fa47700000,0x000000fa47800000)]
  0x00000266bc0ea800 JavaThread "Finalizer" daemon [_thread_blocked, id=3668, stack(0x000000fa47800000,0x000000fa47900000)]
  0x00000266bc0f7800 JavaThread "Signal Dispatcher" daemon [_thread_blocked, id=23624, stack(0x000000fa47900000,0x000000fa47a00000)]
  0x00000266bc13c000 JavaThread "Attach Listener" daemon [_thread_blocked, id=22132, stack(0x000000fa47a00000,0x000000fa47b00000)]
  0x00000266bc140000 JavaThread "C2 CompilerThread0" daemon [_thread_in_native, id=21656, stack(0x000000fa47b00000,0x000000fa47c00000)]
  0x00000266bc144000 JavaThread "C1 CompilerThread0" daemon [_thread_blocked, id=13632, stack(0x000000fa47c00000,0x000000fa47d00000)]
  0x00000266bc155000 JavaThread "Sweeper thread" daemon [_thread_blocked, id=18620, stack(0x000000fa47d00000,0x000000fa47e00000)]
  0x00000266bc2e4000 JavaThread "Common-Cleaner" daemon [_thread_blocked, id=19820, stack(0x000000fa47e00000,0x000000fa47f00000)]
  0x00000266bc2f2000 JavaThread "Service Thread" daemon [_thread_blocked, id=21904, stack(0x000000fa47f00000,0x000000fa48000000)]
  0x00000266bdf76000 JavaThread "Incoming local TCP Connector on port 61682" [_thread_in_native, id=16844, stack(0x000000fa48100000,0x000000fa48200000)]
  0x00000266bc73c800 JavaThread "Daemon periodic checks" [_thread_blocked, id=10784, stack(0x000000fa48700000,0x000000fa48800000)]
  0x00000266bdac0800 JavaThread "Daemon" [_thread_blocked, id=23484, stack(0x000000fa48800000,0x000000fa48900000)]
  0x00000266bdd93800 JavaThread "Handler for socket connection from /127.0.0.1:61682 to /127.0.0.1:61683" [_thread_in_native, id=7904, stack(0x000000fa48900000,0x000000fa48a00000)]
  0x00000266bd435800 JavaThread "Cancel handler" [_thread_blocked, id=10312, stack(0x000000fa48a00000,0x000000fa48b00000)]
  0x00000266bd43a800 JavaThread "Daemon worker" [_thread_in_vm, id=11724, stack(0x000000fa48b00000,0x000000fa48c00000)]
  0x00000266be239800 JavaThread "Asynchronous log dispatcher for DefaultDaemonConnection: socket connection from /127.0.0.1:61682 to /127.0.0.1:61683" [_thread_blocked, id=11436, stack(0x000000fa48c00000,0x000000fa48d00000)]
  0x00000266bdb93000 JavaThread "Stdin handler" [_thread_blocked, id=18988, stack(0x000000fa48d00000,0x000000fa48e00000)]
  0x00000266bdb96800 JavaThread "Thread-7" [_thread_blocked, id=2608, stack(0x000000fa48e00000,0x000000fa48f00000)]
  0x00000266be236800 JavaThread "C2 CompilerThread1" daemon [_thread_blocked, id=19164, stack(0x000000fa48f00000,0x000000fa49000000)]
  0x00000266be237800 JavaThread "Cache worker for file hash cache (C:\Users\joenz\.gradle\caches\5.2.1\fileHashes)" [_thread_blocked, id=20644, stack(0x000000fa49000000,0x000000fa49100000)]
  0x00000266be231800 JavaThread "File lock request listener" [_thread_in_native, id=13144, stack(0x000000fa49100000,0x000000fa49200000)]
  0x00000266be238000 JavaThread "Cache worker for journal cache (C:\Users\joenz\.gradle\caches\journal-1)" [_thread_blocked, id=23448, stack(0x000000fa49200000,0x000000fa49300000)]
=>0x00000266be235800 JavaThread "C2 CompilerThread2" daemon [_thread_in_native, id=2164, stack(0x000000fa49300000,0x000000fa49400000)]
  0x00000266be232800 JavaThread "Cache worker for file hash cache (C:\Users\joenz\OneDrive\NUS\Y2\S1\CS2103T\tp\.gradle\5.2.1\fileHashes)" [_thread_blocked, id=11752, stack(0x000000fa49a00000,0x000000fa49b00000)]
  0x00000266c08ea000 JavaThread "Cache worker for cache directory md-supplier (C:\Users\joenz\.gradle\caches\5.2.1\md-supplier)" [_thread_blocked, id=22648, stack(0x000000fa49b00000,0x000000fa49c00000)]
  0x00000266c08e9800 JavaThread "Cache worker for cache directory md-rule (C:\Users\joenz\.gradle\caches\5.2.1\md-rule)" [_thread_blocked, id=11032, stack(0x000000fa49c00000,0x000000fa49d00000)]

Other Threads:
  0x00000266bb8ae000 VMThread "VM Thread" [stack: 0x000000fa47600000,0x000000fa47700000] [id=3580]
  0x00000266bc2f3000 WatcherThread [stack: 0x000000fa48000000,0x000000fa48100000] [id=14500]
  0x000002669e2b1800 GCTaskThread "GC Thread#0" [stack: 0x000000fa47100000,0x000000fa47200000] [id=24556]
  0x00000266bd1c0000 GCTaskThread "GC Thread#1" [stack: 0x000000fa48200000,0x000000fa48300000] [id=1240]
  0x00000266bd2e1000 GCTaskThread "GC Thread#2" [stack: 0x000000fa48300000,0x000000fa48400000] [id=23896]
  0x00000266bcfd8800 GCTaskThread "GC Thread#3" [stack: 0x000000fa48400000,0x000000fa48500000] [id=11900]
  0x00000266bcfd9000 GCTaskThread "GC Thread#4" [stack: 0x000000fa48500000,0x000000fa48600000] [id=11736]
  0x00000266bcfd9800 GCTaskThread "GC Thread#5" [stack: 0x000000fa48600000,0x000000fa48700000] [id=16300]
  0x00000266be67f800 GCTaskThread "GC Thread#6" [stack: 0x000000fa49400000,0x000000fa49500000] [id=6584]
  0x00000266bdff7800 GCTaskThread "GC Thread#7" [stack: 0x000000fa49500000,0x000000fa49600000] [id=21012]
  0x00000266be3cd000 GCTaskThread "GC Thread#8" [stack: 0x000000fa49600000,0x000000fa49700000] [id=24072]
  0x00000266be3cb800 GCTaskThread "GC Thread#9" [stack: 0x000000fa49700000,0x000000fa49800000] [id=18768]
  0x000002669e2d2000 ConcurrentGCThread "G1 Main Marker" [stack: 0x000000fa47200000,0x000000fa47300000] [id=8828]
  0x000002669e2d3800 ConcurrentGCThread "G1 Conc#0" [stack: 0x000000fa47300000,0x000000fa47400000] [id=6904]
  0x00000266be3cb000 ConcurrentGCThread "G1 Conc#1" [stack: 0x000000fa49800000,0x000000fa49900000] [id=4464]
  0x00000266be3cc800 ConcurrentGCThread "G1 Conc#2" [stack: 0x000000fa49900000,0x000000fa49a00000] [id=23980]
  0x00000266bb743800 ConcurrentGCThread "G1 Refine#0" [stack: 0x000000fa47400000,0x000000fa47500000] [id=8576]
  0x00000266bb744800 ConcurrentGCThread "G1 Young RemSet Sampling" [stack: 0x000000fa47500000,0x000000fa47600000] [id=4452]

Threads with active compile tasks:
C1 CompilerThread0   2660 2736       3       sun.reflect.generics.scope.ClassScope::<init> (6 bytes)
C2 CompilerThread2   2660 2567       4       groovy.lang.MetaClassImpl$1MOPIter::methodNameAction (325 bytes)

VM state:not at safepoint (normal execution)

VM Mutex/Monitor currently owned by a thread: None

Heap address: 0x00000000c0000000, size: 1024 MB, Compressed Oops mode: 32-bit
Narrow klass base: 0x0000000000000000, Narrow klass shift: 3
Compressed class space size: 528482304 Address: 0x0000000100000000

Heap:
 garbage-first heap   total 262144K, used 35436K [0x00000000c0000000, 0x0000000100000000)
  region size 1024K, 21 young (21504K), 6 survivors (6144K)
 Metaspace       used 36393K, capacity 37042K, committed 37120K, reserved 548864K
  class space    used 4618K, capacity 4818K, committed 4864K, reserved 516096K
Heap Regions: E=young(eden), S=young(survivor), O=old, HS=humongous(starts), HC=humongous(continues), CS=collection set, F=free, A=archive, TAMS=top-at-mark-start (previous, next)
|   0|0x00000000c0000000, 0x00000000c0100000, 0x00000000c0100000|100%|HS|  |TAMS 0x00000000c0100000, 0x00000000c0000000| Complete 
|   1|0x00000000c0100000, 0x00000000c0200000, 0x00000000c0200000|100%|HS|  |TAMS 0x00000000c0200000, 0x00000000c0100000| Complete 
|   2|0x00000000c0200000, 0x00000000c0300000, 0x00000000c0300000|100%|HC|  |TAMS 0x00000000c0300000, 0x00000000c0200000| Complete 
|   3|0x00000000c0300000, 0x00000000c0400000, 0x00000000c0400000|100%| O|  |TAMS 0x00000000c0400000, 0x00000000c0300000| Untracked 
|   4|0x00000000c0400000, 0x00000000c0500000, 0x00000000c0500000|100%| O|  |TAMS 0x00000000c0500000, 0x00000000c0400000| Untracked 
|   5|0x00000000c0500000, 0x00000000c0500000, 0x00000000c0600000|  0%| F|  |TAMS 0x00000000c0500000, 0x00000000c0500000| Untracked 
|   6|0x00000000c0600000, 0x00000000c0600000, 0x00000000c0700000|  0%| F|  |TAMS 0x00000000c0600000, 0x00000000c0600000| Untracked 
|   7|0x00000000c0700000, 0x00000000c0700000, 0x00000000c0800000|  0%| F|  |TAMS 0x00000000c0700000, 0x00000000c0700000| Untracked 
|   8|0x00000000c0800000, 0x00000000c0900000, 0x00000000c0900000|100%| O|  |TAMS 0x00000000c0900000, 0x00000000c0800000| Untracked 
|   9|0x00000000c0900000, 0x00000000c0a00000, 0x00000000c0a00000|100%| O|  |TAMS 0x00000000c0a00000, 0x00000000c0900000| Untracked 
|  10|0x00000000c0a00000, 0x00000000c0b00000, 0x00000000c0b00000|100%| O|  |TAMS 0x00000000c0b00000, 0x00000000c0a00000| Untracked 
|  11|0x00000000c0b00000, 0x00000000c0c00000, 0x00000000c0c00000|100%| O|  |TAMS 0x00000000c0c00000, 0x00000000c0b00000| Untracked 
|  12|0x00000000c0c00000, 0x00000000c0d00000, 0x00000000c0d00000|100%| O|  |TAMS 0x00000000c0d00000, 0x00000000c0c00000| Untracked 
|  13|0x00000000c0d00000, 0x00000000c0e00000, 0x00000000c0e00000|100%| O|  |TAMS 0x00000000c0e00000, 0x00000000c0d00000| Untracked 
|  14|0x00000000c0e00000, 0x00000000c0f00000, 0x00000000c0f00000|100%| O|  |TAMS 0x00000000c0f00000, 0x00000000c0e00000| Untracked 
|  15|0x00000000c0f00000, 0x00000000c1000000, 0x00000000c1000000|100%| O|  |TAMS 0x00000000c1000000, 0x00000000c0f00000| Untracked 
|  16|0x00000000c1000000, 0x00000000c1100000, 0x00000000c1100000|100%| O|  |TAMS 0x00000000c1100000, 0x00000000c1000000| Untracked 
|  17|0x00000000c1100000, 0x00000000c119e200, 0x00000000c1200000| 61%| O|  |TAMS 0x00000000c119e200, 0x00000000c1100000| Untracked 
|  18|0x00000000c1200000, 0x00000000c1200000, 0x00000000c1300000|  0%| F|  |TAMS 0x00000000c1200000, 0x00000000c1200000| Untracked 
|  19|0x00000000c1300000, 0x00000000c1300000, 0x00000000c1400000|  0%| F|  |TAMS 0x00000000c1300000, 0x00000000c1300000| Untracked 
|  20|0x00000000c1400000, 0x00000000c1400000, 0x00000000c1500000|  0%| F|  |TAMS 0x00000000c1400000, 0x00000000c1400000| Untracked 
|  21|0x00000000c1500000, 0x00000000c1500000, 0x00000000c1600000|  0%| F|  |TAMS 0x00000000c1500000, 0x00000000c1500000| Untracked 
|  22|0x00000000c1600000, 0x00000000c1600000, 0x00000000c1700000|  0%| F|  |TAMS 0x00000000c1600000, 0x00000000c1600000| Untracked 
|  23|0x00000000c1700000, 0x00000000c1700000, 0x00000000c1800000|  0%| F|  |TAMS 0x00000000c1700000, 0x00000000c1700000| Untracked 
|  24|0x00000000c1800000, 0x00000000c1800000, 0x00000000c1900000|  0%| F|  |TAMS 0x00000000c1800000, 0x00000000c1800000| Untracked 
|  25|0x00000000c1900000, 0x00000000c1900000, 0x00000000c1a00000|  0%| F|  |TAMS 0x00000000c1900000, 0x00000000c1900000| Untracked 
|  26|0x00000000c1a00000, 0x00000000c1a00000, 0x00000000c1b00000|  0%| F|  |TAMS 0x00000000c1a00000, 0x00000000c1a00000| Untracked 
|  27|0x00000000c1b00000, 0x00000000c1b00000, 0x00000000c1c00000|  0%| F|  |TAMS 0x00000000c1b00000, 0x00000000c1b00000| Untracked 
|  28|0x00000000c1c00000, 0x00000000c1c00000, 0x00000000c1d00000|  0%| F|  |TAMS 0x00000000c1c00000, 0x00000000c1c00000| Untracked 
|  29|0x00000000c1d00000, 0x00000000c1d00000, 0x00000000c1e00000|  0%| F|  |TAMS 0x00000000c1d00000, 0x00000000c1d00000| Untracked 
|  30|0x00000000c1e00000, 0x00000000c1e00000, 0x00000000c1f00000|  0%| F|  |TAMS 0x00000000c1e00000, 0x00000000c1e00000| Untracked 
|  31|0x00000000c1f00000, 0x00000000c1f00000, 0x00000000c2000000|  0%| F|  |TAMS 0x00000000c1f00000, 0x00000000c1f00000| Untracked 
|  32|0x00000000c2000000, 0x00000000c2000000, 0x00000000c2100000|  0%| F|  |TAMS 0x00000000c2000000, 0x00000000c2000000| Untracked 
|  33|0x00000000c2100000, 0x00000000c2100000, 0x00000000c2200000|  0%| F|  |TAMS 0x00000000c2100000, 0x00000000c2100000| Untracked 
|  34|0x00000000c2200000, 0x00000000c2200000, 0x00000000c2300000|  0%| F|  |TAMS 0x00000000c2200000, 0x00000000c2200000| Untracked 
|  35|0x00000000c2300000, 0x00000000c2300000, 0x00000000c2400000|  0%| F|  |TAMS 0x00000000c2300000, 0x00000000c2300000| Untracked 
|  36|0x00000000c2400000, 0x00000000c2400000, 0x00000000c2500000|  0%| F|  |TAMS 0x00000000c2400000, 0x00000000c2400000| Untracked 
|  37|0x00000000c2500000, 0x00000000c2500000, 0x00000000c2600000|  0%| F|  |TAMS 0x00000000c2500000, 0x00000000c2500000| Untracked 
|  38|0x00000000c2600000, 0x00000000c2600000, 0x00000000c2700000|  0%| F|  |TAMS 0x00000000c2600000, 0x00000000c2600000| Untracked 
|  39|0x00000000c2700000, 0x00000000c2700000, 0x00000000c2800000|  0%| F|  |TAMS 0x00000000c2700000, 0x00000000c2700000| Untracked 
|  40|0x00000000c2800000, 0x00000000c2800000, 0x00000000c2900000|  0%| F|  |TAMS 0x00000000c2800000, 0x00000000c2800000| Untracked 
|  41|0x00000000c2900000, 0x00000000c2900000, 0x00000000c2a00000|  0%| F|  |TAMS 0x00000000c2900000, 0x00000000c2900000| Untracked 
|  42|0x00000000c2a00000, 0x00000000c2a00000, 0x00000000c2b00000|  0%| F|  |TAMS 0x00000000c2a00000, 0x00000000c2a00000| Untracked 
|  43|0x00000000c2b00000, 0x00000000c2b00000, 0x00000000c2c00000|  0%| F|  |TAMS 0x00000000c2b00000, 0x00000000c2b00000| Untracked 
|  44|0x00000000c2c00000, 0x00000000c2c00000, 0x00000000c2d00000|  0%| F|  |TAMS 0x00000000c2c00000, 0x00000000c2c00000| Untracked 
|  45|0x00000000c2d00000, 0x00000000c2d00000, 0x00000000c2e00000|  0%| F|  |TAMS 0x00000000c2d00000, 0x00000000c2d00000| Untracked 
|  46|0x00000000c2e00000, 0x00000000c2e00000, 0x00000000c2f00000|  0%| F|  |TAMS 0x00000000c2e00000, 0x00000000c2e00000| Untracked 
|  47|0x00000000c2f00000, 0x00000000c2f00000, 0x00000000c3000000|  0%| F|  |TAMS 0x00000000c2f00000, 0x00000000c2f00000| Untracked 
|  48|0x00000000c3000000, 0x00000000c3000000, 0x00000000c3100000|  0%| F|  |TAMS 0x00000000c3000000, 0x00000000c3000000| Untracked 
|  49|0x00000000c3100000, 0x00000000c3100000, 0x00000000c3200000|  0%| F|  |TAMS 0x00000000c3100000, 0x00000000c3100000| Untracked 
|  50|0x00000000c3200000, 0x00000000c3200000, 0x00000000c3300000|  0%| F|  |TAMS 0x00000000c3200000, 0x00000000c3200000| Untracked 
|  51|0x00000000c3300000, 0x00000000c3300000, 0x00000000c3400000|  0%| F|  |TAMS 0x00000000c3300000, 0x00000000c3300000| Untracked 
|  52|0x00000000c3400000, 0x00000000c3400000, 0x00000000c3500000|  0%| F|  |TAMS 0x00000000c3400000, 0x00000000c3400000| Untracked 
|  53|0x00000000c3500000, 0x00000000c3500000, 0x00000000c3600000|  0%| F|  |TAMS 0x00000000c3500000, 0x00000000c3500000| Untracked 
|  54|0x00000000c3600000, 0x00000000c3600000, 0x00000000c3700000|  0%| F|  |TAMS 0x00000000c3600000, 0x00000000c3600000| Untracked 
|  55|0x00000000c3700000, 0x00000000c3700000, 0x00000000c3800000|  0%| F|  |TAMS 0x00000000c3700000, 0x00000000c3700000| Untracked 
|  56|0x00000000c3800000, 0x00000000c3800000, 0x00000000c3900000|  0%| F|  |TAMS 0x00000000c3800000, 0x00000000c3800000| Untracked 
|  57|0x00000000c3900000, 0x00000000c3900000, 0x00000000c3a00000|  0%| F|  |TAMS 0x00000000c3900000, 0x00000000c3900000| Untracked 
|  58|0x00000000c3a00000, 0x00000000c3a00000, 0x00000000c3b00000|  0%| F|  |TAMS 0x00000000c3a00000, 0x00000000c3a00000| Untracked 
|  59|0x00000000c3b00000, 0x00000000c3b00000, 0x00000000c3c00000|  0%| F|  |TAMS 0x00000000c3b00000, 0x00000000c3b00000| Untracked 
|  60|0x00000000c3c00000, 0x00000000c3c00000, 0x00000000c3d00000|  0%| F|  |TAMS 0x00000000c3c00000, 0x00000000c3c00000| Untracked 
|  61|0x00000000c3d00000, 0x00000000c3d00000, 0x00000000c3e00000|  0%| F|  |TAMS 0x00000000c3d00000, 0x00000000c3d00000| Untracked 
|  62|0x00000000c3e00000, 0x00000000c3e00000, 0x00000000c3f00000|  0%| F|  |TAMS 0x00000000c3e00000, 0x00000000c3e00000| Untracked 
|  63|0x00000000c3f00000, 0x00000000c3f00000, 0x00000000c4000000|  0%| F|  |TAMS 0x00000000c3f00000, 0x00000000c3f00000| Untracked 
|  64|0x00000000c4000000, 0x00000000c4000000, 0x00000000c4100000|  0%| F|  |TAMS 0x00000000c4000000, 0x00000000c4000000| Untracked 
|  65|0x00000000c4100000, 0x00000000c4100000, 0x00000000c4200000|  0%| F|  |TAMS 0x00000000c4100000, 0x00000000c4100000| Untracked 
|  66|0x00000000c4200000, 0x00000000c4200000, 0x00000000c4300000|  0%| F|  |TAMS 0x00000000c4200000, 0x00000000c4200000| Untracked 
|  67|0x00000000c4300000, 0x00000000c4300000, 0x00000000c4400000|  0%| F|  |TAMS 0x00000000c4300000, 0x00000000c4300000| Untracked 
|  68|0x00000000c4400000, 0x00000000c4400000, 0x00000000c4500000|  0%| F|  |TAMS 0x00000000c4400000, 0x00000000c4400000| Untracked 
|  69|0x00000000c4500000, 0x00000000c4500000, 0x00000000c4600000|  0%| F|  |TAMS 0x00000000c4500000, 0x00000000c4500000| Untracked 
|  70|0x00000000c4600000, 0x00000000c4600000, 0x00000000c4700000|  0%| F|  |TAMS 0x00000000c4600000, 0x00000000c4600000| Untracked 
|  71|0x00000000c4700000, 0x00000000c4700000, 0x00000000c4800000|  0%| F|  |TAMS 0x00000000c4700000, 0x00000000c4700000| Untracked 
|  72|0x00000000c4800000, 0x00000000c4800000, 0x00000000c4900000|  0%| F|  |TAMS 0x00000000c4800000, 0x00000000c4800000| Untracked 
|  73|0x00000000c4900000, 0x00000000c4900000, 0x00000000c4a00000|  0%| F|  |TAMS 0x00000000c4900000, 0x00000000c4900000| Untracked 
|  74|0x00000000c4a00000, 0x00000000c4a00000, 0x00000000c4b00000|  0%| F|  |TAMS 0x00000000c4a00000, 0x00000000c4a00000| Untracked 
|  75|0x00000000c4b00000, 0x00000000c4b00000, 0x00000000c4c00000|  0%| F|  |TAMS 0x00000000c4b00000, 0x00000000c4b00000| Untracked 
|  76|0x00000000c4c00000, 0x00000000c4c00000, 0x00000000c4d00000|  0%| F|  |TAMS 0x00000000c4c00000, 0x00000000c4c00000| Untracked 
|  77|0x00000000c4d00000, 0x00000000c4d00000, 0x00000000c4e00000|  0%| F|  |TAMS 0x00000000c4d00000, 0x00000000c4d00000| Untracked 
|  78|0x00000000c4e00000, 0x00000000c4e00000, 0x00000000c4f00000|  0%| F|  |TAMS 0x00000000c4e00000, 0x00000000c4e00000| Untracked 
|  79|0x00000000c4f00000, 0x00000000c4f00000, 0x00000000c5000000|  0%| F|  |TAMS 0x00000000c4f00000, 0x00000000c4f00000| Untracked 
|  80|0x00000000c5000000, 0x00000000c5000000, 0x00000000c5100000|  0%| F|  |TAMS 0x00000000c5000000, 0x00000000c5000000| Untracked 
|  81|0x00000000c5100000, 0x00000000c5100000, 0x00000000c5200000|  0%| F|  |TAMS 0x00000000c5100000, 0x00000000c5100000| Untracked 
|  82|0x00000000c5200000, 0x00000000c5200000, 0x00000000c5300000|  0%| F|  |TAMS 0x00000000c5200000, 0x00000000c5200000| Untracked 
|  83|0x00000000c5300000, 0x00000000c5300000, 0x00000000c5400000|  0%| F|  |TAMS 0x00000000c5300000, 0x00000000c5300000| Untracked 
|  84|0x00000000c5400000, 0x00000000c5400000, 0x00000000c5500000|  0%| F|  |TAMS 0x00000000c5400000, 0x00000000c5400000| Untracked 
|  85|0x00000000c5500000, 0x00000000c5500000, 0x00000000c5600000|  0%| F|  |TAMS 0x00000000c5500000, 0x00000000c5500000| Untracked 
|  86|0x00000000c5600000, 0x00000000c5600000, 0x00000000c5700000|  0%| F|  |TAMS 0x00000000c5600000, 0x00000000c5600000| Untracked 
|  87|0x00000000c5700000, 0x00000000c5700000, 0x00000000c5800000|  0%| F|  |TAMS 0x00000000c5700000, 0x00000000c5700000| Untracked 
|  88|0x00000000c5800000, 0x00000000c5800000, 0x00000000c5900000|  0%| F|  |TAMS 0x00000000c5800000, 0x00000000c5800000| Untracked 
|  89|0x00000000c5900000, 0x00000000c5900000, 0x00000000c5a00000|  0%| F|  |TAMS 0x00000000c5900000, 0x00000000c5900000| Untracked 
|  90|0x00000000c5a00000, 0x00000000c5a00000, 0x00000000c5b00000|  0%| F|  |TAMS 0x00000000c5a00000, 0x00000000c5a00000| Untracked 
|  91|0x00000000c5b00000, 0x00000000c5b00000, 0x00000000c5c00000|  0%| F|  |TAMS 0x00000000c5b00000, 0x00000000c5b00000| Untracked 
|  92|0x00000000c5c00000, 0x00000000c5c00000, 0x00000000c5d00000|  0%| F|  |TAMS 0x00000000c5c00000, 0x00000000c5c00000| Untracked 
|  93|0x00000000c5d00000, 0x00000000c5d00000, 0x00000000c5e00000|  0%| F|  |TAMS 0x00000000c5d00000, 0x00000000c5d00000| Untracked 
|  94|0x00000000c5e00000, 0x00000000c5e00000, 0x00000000c5f00000|  0%| F|  |TAMS 0x00000000c5e00000, 0x00000000c5e00000| Untracked 
|  95|0x00000000c5f00000, 0x00000000c5f00000, 0x00000000c6000000|  0%| F|  |TAMS 0x00000000c5f00000, 0x00000000c5f00000| Untracked 
|  96|0x00000000c6000000, 0x00000000c6000000, 0x00000000c6100000|  0%| F|  |TAMS 0x00000000c6000000, 0x00000000c6000000| Untracked 
|  97|0x00000000c6100000, 0x00000000c6100000, 0x00000000c6200000|  0%| F|  |TAMS 0x00000000c6100000, 0x00000000c6100000| Untracked 
|  98|0x00000000c6200000, 0x00000000c6200000, 0x00000000c6300000|  0%| F|  |TAMS 0x00000000c6200000, 0x00000000c6200000| Untracked 
|  99|0x00000000c6300000, 0x00000000c6300000, 0x00000000c6400000|  0%| F|  |TAMS 0x00000000c6300000, 0x00000000c6300000| Untracked 
| 100|0x00000000c6400000, 0x00000000c6400000, 0x00000000c6500000|  0%| F|  |TAMS 0x00000000c6400000, 0x00000000c6400000| Untracked 
| 101|0x00000000c6500000, 0x00000000c6500000, 0x00000000c6600000|  0%| F|  |TAMS 0x00000000c6500000, 0x00000000c6500000| Untracked 
| 102|0x00000000c6600000, 0x00000000c6600000, 0x00000000c6700000|  0%| F|  |TAMS 0x00000000c6600000, 0x00000000c6600000| Untracked 
| 103|0x00000000c6700000, 0x00000000c6700000, 0x00000000c6800000|  0%| F|  |TAMS 0x00000000c6700000, 0x00000000c6700000| Untracked 
| 104|0x00000000c6800000, 0x00000000c6800000, 0x00000000c6900000|  0%| F|  |TAMS 0x00000000c6800000, 0x00000000c6800000| Untracked 
| 105|0x00000000c6900000, 0x00000000c6900000, 0x00000000c6a00000|  0%| F|  |TAMS 0x00000000c6900000, 0x00000000c6900000| Untracked 
| 106|0x00000000c6a00000, 0x00000000c6a00000, 0x00000000c6b00000|  0%| F|  |TAMS 0x00000000c6a00000, 0x00000000c6a00000| Untracked 
| 107|0x00000000c6b00000, 0x00000000c6b00000, 0x00000000c6c00000|  0%| F|  |TAMS 0x00000000c6b00000, 0x00000000c6b00000| Untracked 
| 108|0x00000000c6c00000, 0x00000000c6c00000, 0x00000000c6d00000|  0%| F|  |TAMS 0x00000000c6c00000, 0x00000000c6c00000| Untracked 
| 109|0x00000000c6d00000, 0x00000000c6d00000, 0x00000000c6e00000|  0%| F|  |TAMS 0x00000000c6d00000, 0x00000000c6d00000| Untracked 
| 110|0x00000000c6e00000, 0x00000000c6e00000, 0x00000000c6f00000|  0%| F|  |TAMS 0x00000000c6e00000, 0x00000000c6e00000| Untracked 
| 111|0x00000000c6f00000, 0x00000000c6f00000, 0x00000000c7000000|  0%| F|  |TAMS 0x00000000c6f00000, 0x00000000c6f00000| Untracked 
| 112|0x00000000c7000000, 0x00000000c7000000, 0x00000000c7100000|  0%| F|  |TAMS 0x00000000c7000000, 0x00000000c7000000| Untracked 
| 113|0x00000000c7100000, 0x00000000c7100000, 0x00000000c7200000|  0%| F|  |TAMS 0x00000000c7100000, 0x00000000c7100000| Untracked 
| 114|0x00000000c7200000, 0x00000000c7200000, 0x00000000c7300000|  0%| F|  |TAMS 0x00000000c7200000, 0x00000000c7200000| Untracked 
| 115|0x00000000c7300000, 0x00000000c7300000, 0x00000000c7400000|  0%| F|  |TAMS 0x00000000c7300000, 0x00000000c7300000| Untracked 
| 116|0x00000000c7400000, 0x00000000c7400000, 0x00000000c7500000|  0%| F|  |TAMS 0x00000000c7400000, 0x00000000c7400000| Untracked 
| 117|0x00000000c7500000, 0x00000000c7500000, 0x00000000c7600000|  0%| F|  |TAMS 0x00000000c7500000, 0x00000000c7500000| Untracked 
| 118|0x00000000c7600000, 0x00000000c7600000, 0x00000000c7700000|  0%| F|  |TAMS 0x00000000c7600000, 0x00000000c7600000| Untracked 
| 119|0x00000000c7700000, 0x00000000c7700000, 0x00000000c7800000|  0%| F|  |TAMS 0x00000000c7700000, 0x00000000c7700000| Untracked 
| 120|0x00000000c7800000, 0x00000000c7800000, 0x00000000c7900000|  0%| F|  |TAMS 0x00000000c7800000, 0x00000000c7800000| Untracked 
| 121|0x00000000c7900000, 0x00000000c7900000, 0x00000000c7a00000|  0%| F|  |TAMS 0x00000000c7900000, 0x00000000c7900000| Untracked 
| 122|0x00000000c7a00000, 0x00000000c7a00000, 0x00000000c7b00000|  0%| F|  |TAMS 0x00000000c7a00000, 0x00000000c7a00000| Untracked 
| 123|0x00000000c7b00000, 0x00000000c7b00000, 0x00000000c7c00000|  0%| F|  |TAMS 0x00000000c7b00000, 0x00000000c7b00000| Untracked 
| 124|0x00000000c7c00000, 0x00000000c7c00000, 0x00000000c7d00000|  0%| F|  |TAMS 0x00000000c7c00000, 0x00000000c7c00000| Untracked 
| 125|0x00000000c7d00000, 0x00000000c7d00000, 0x00000000c7e00000|  0%| F|  |TAMS 0x00000000c7d00000, 0x00000000c7d00000| Untracked 
| 126|0x00000000c7e00000, 0x00000000c7e00000, 0x00000000c7f00000|  0%| F|  |TAMS 0x00000000c7e00000, 0x00000000c7e00000| Untracked 
| 127|0x00000000c7f00000, 0x00000000c7f00000, 0x00000000c8000000|  0%| F|  |TAMS 0x00000000c7f00000, 0x00000000c7f00000| Untracked 
| 128|0x00000000c8000000, 0x00000000c8000000, 0x00000000c8100000|  0%| F|  |TAMS 0x00000000c8000000, 0x00000000c8000000| Untracked 
| 129|0x00000000c8100000, 0x00000000c8100000, 0x00000000c8200000|  0%| F|  |TAMS 0x00000000c8100000, 0x00000000c8100000| Untracked 
| 130|0x00000000c8200000, 0x00000000c8200000, 0x00000000c8300000|  0%| F|  |TAMS 0x00000000c8200000, 0x00000000c8200000| Untracked 
| 131|0x00000000c8300000, 0x00000000c8300000, 0x00000000c8400000|  0%| F|  |TAMS 0x00000000c8300000, 0x00000000c8300000| Untracked 
| 132|0x00000000c8400000, 0x00000000c8400000, 0x00000000c8500000|  0%| F|  |TAMS 0x00000000c8400000, 0x00000000c8400000| Untracked 
| 133|0x00000000c8500000, 0x00000000c8500000, 0x00000000c8600000|  0%| F|  |TAMS 0x00000000c8500000, 0x00000000c8500000| Untracked 
| 134|0x00000000c8600000, 0x00000000c8600000, 0x00000000c8700000|  0%| F|  |TAMS 0x00000000c8600000, 0x00000000c8600000| Untracked 
| 135|0x00000000c8700000, 0x00000000c8700000, 0x00000000c8800000|  0%| F|  |TAMS 0x00000000c8700000, 0x00000000c8700000| Untracked 
| 136|0x00000000c8800000, 0x00000000c8800000, 0x00000000c8900000|  0%| F|  |TAMS 0x00000000c8800000, 0x00000000c8800000| Untracked 
| 137|0x00000000c8900000, 0x00000000c8900000, 0x00000000c8a00000|  0%| F|  |TAMS 0x00000000c8900000, 0x00000000c8900000| Untracked 
| 138|0x00000000c8a00000, 0x00000000c8a00000, 0x00000000c8b00000|  0%| F|  |TAMS 0x00000000c8a00000, 0x00000000c8a00000| Untracked 
| 139|0x00000000c8b00000, 0x00000000c8b00000, 0x00000000c8c00000|  0%| F|  |TAMS 0x00000000c8b00000, 0x00000000c8b00000| Untracked 
| 140|0x00000000c8c00000, 0x00000000c8c00000, 0x00000000c8d00000|  0%| F|  |TAMS 0x00000000c8c00000, 0x00000000c8c00000| Untracked 
| 141|0x00000000c8d00000, 0x00000000c8d00000, 0x00000000c8e00000|  0%| F|  |TAMS 0x00000000c8d00000, 0x00000000c8d00000| Untracked 
| 142|0x00000000c8e00000, 0x00000000c8e00000, 0x00000000c8f00000|  0%| F|  |TAMS 0x00000000c8e00000, 0x00000000c8e00000| Untracked 
| 143|0x00000000c8f00000, 0x00000000c8f00000, 0x00000000c9000000|  0%| F|  |TAMS 0x00000000c8f00000, 0x00000000c8f00000| Untracked 
| 144|0x00000000c9000000, 0x00000000c9000000, 0x00000000c9100000|  0%| F|  |TAMS 0x00000000c9000000, 0x00000000c9000000| Untracked 
| 145|0x00000000c9100000, 0x00000000c9100000, 0x00000000c9200000|  0%| F|  |TAMS 0x00000000c9100000, 0x00000000c9100000| Untracked 
| 146|0x00000000c9200000, 0x00000000c9200000, 0x00000000c9300000|  0%| F|  |TAMS 0x00000000c9200000, 0x00000000c9200000| Untracked 
| 147|0x00000000c9300000, 0x00000000c9300000, 0x00000000c9400000|  0%| F|  |TAMS 0x00000000c9300000, 0x00000000c9300000| Untracked 
| 148|0x00000000c9400000, 0x00000000c9400000, 0x00000000c9500000|  0%| F|  |TAMS 0x00000000c9400000, 0x00000000c9400000| Untracked 
| 149|0x00000000c9500000, 0x00000000c9500000, 0x00000000c9600000|  0%| F|  |TAMS 0x00000000c9500000, 0x00000000c9500000| Untracked 
| 150|0x00000000c9600000, 0x00000000c9600000, 0x00000000c9700000|  0%| F|  |TAMS 0x00000000c9600000, 0x00000000c9600000| Untracked 
| 151|0x00000000c9700000, 0x00000000c9700000, 0x00000000c9800000|  0%| F|  |TAMS 0x00000000c9700000, 0x00000000c9700000| Untracked 
| 152|0x00000000c9800000, 0x00000000c9800000, 0x00000000c9900000|  0%| F|  |TAMS 0x00000000c9800000, 0x00000000c9800000| Untracked 
| 153|0x00000000c9900000, 0x00000000c9900000, 0x00000000c9a00000|  0%| F|  |TAMS 0x00000000c9900000, 0x00000000c9900000| Untracked 
| 154|0x00000000c9a00000, 0x00000000c9a00000, 0x00000000c9b00000|  0%| F|  |TAMS 0x00000000c9a00000, 0x00000000c9a00000| Untracked 
| 155|0x00000000c9b00000, 0x00000000c9b00000, 0x00000000c9c00000|  0%| F|  |TAMS 0x00000000c9b00000, 0x00000000c9b00000| Untracked 
| 156|0x00000000c9c00000, 0x00000000c9c00000, 0x00000000c9d00000|  0%| F|  |TAMS 0x00000000c9c00000, 0x00000000c9c00000| Untracked 
| 157|0x00000000c9d00000, 0x00000000c9d00000, 0x00000000c9e00000|  0%| F|  |TAMS 0x00000000c9d00000, 0x00000000c9d00000| Untracked 
| 158|0x00000000c9e00000, 0x00000000c9e00000, 0x00000000c9f00000|  0%| F|  |TAMS 0x00000000c9e00000, 0x00000000c9e00000| Untracked 
| 159|0x00000000c9f00000, 0x00000000c9f00000, 0x00000000ca000000|  0%| F|  |TAMS 0x00000000c9f00000, 0x00000000c9f00000| Untracked 
| 160|0x00000000ca000000, 0x00000000ca000000, 0x00000000ca100000|  0%| F|  |TAMS 0x00000000ca000000, 0x00000000ca000000| Untracked 
| 161|0x00000000ca100000, 0x00000000ca100000, 0x00000000ca200000|  0%| F|  |TAMS 0x00000000ca100000, 0x00000000ca100000| Untracked 
| 162|0x00000000ca200000, 0x00000000ca200000, 0x00000000ca300000|  0%| F|  |TAMS 0x00000000ca200000, 0x00000000ca200000| Untracked 
| 163|0x00000000ca300000, 0x00000000ca300000, 0x00000000ca400000|  0%| F|  |TAMS 0x00000000ca300000, 0x00000000ca300000| Untracked 
| 164|0x00000000ca400000, 0x00000000ca400000, 0x00000000ca500000|  0%| F|  |TAMS 0x00000000ca400000, 0x00000000ca400000| Untracked 
| 165|0x00000000ca500000, 0x00000000ca500000, 0x00000000ca600000|  0%| F|  |TAMS 0x00000000ca500000, 0x00000000ca500000| Untracked 
| 166|0x00000000ca600000, 0x00000000ca600000, 0x00000000ca700000|  0%| F|  |TAMS 0x00000000ca600000, 0x00000000ca600000| Untracked 
| 167|0x00000000ca700000, 0x00000000ca700000, 0x00000000ca800000|  0%| F|  |TAMS 0x00000000ca700000, 0x00000000ca700000| Untracked 
| 168|0x00000000ca800000, 0x00000000ca800000, 0x00000000ca900000|  0%| F|  |TAMS 0x00000000ca800000, 0x00000000ca800000| Untracked 
| 169|0x00000000ca900000, 0x00000000ca900000, 0x00000000caa00000|  0%| F|  |TAMS 0x00000000ca900000, 0x00000000ca900000| Untracked 
| 170|0x00000000caa00000, 0x00000000caa00000, 0x00000000cab00000|  0%| F|  |TAMS 0x00000000caa00000, 0x00000000caa00000| Untracked 
| 171|0x00000000cab00000, 0x00000000cab00000, 0x00000000cac00000|  0%| F|  |TAMS 0x00000000cab00000, 0x00000000cab00000| Untracked 
| 172|0x00000000cac00000, 0x00000000cac00000, 0x00000000cad00000|  0%| F|  |TAMS 0x00000000cac00000, 0x00000000cac00000| Untracked 
| 173|0x00000000cad00000, 0x00000000cad00000, 0x00000000cae00000|  0%| F|  |TAMS 0x00000000cad00000, 0x00000000cad00000| Untracked 
| 174|0x00000000cae00000, 0x00000000cae00000, 0x00000000caf00000|  0%| F|  |TAMS 0x00000000cae00000, 0x00000000cae00000| Untracked 
| 175|0x00000000caf00000, 0x00000000caf00000, 0x00000000cb000000|  0%| F|  |TAMS 0x00000000caf00000, 0x00000000caf00000| Untracked 
| 176|0x00000000cb000000, 0x00000000cb000000, 0x00000000cb100000|  0%| F|  |TAMS 0x00000000cb000000, 0x00000000cb000000| Untracked 
| 177|0x00000000cb100000, 0x00000000cb100000, 0x00000000cb200000|  0%| F|  |TAMS 0x00000000cb100000, 0x00000000cb100000| Untracked 
| 178|0x00000000cb200000, 0x00000000cb200000, 0x00000000cb300000|  0%| F|  |TAMS 0x00000000cb200000, 0x00000000cb200000| Untracked 
| 179|0x00000000cb300000, 0x00000000cb300000, 0x00000000cb400000|  0%| F|  |TAMS 0x00000000cb300000, 0x00000000cb300000| Untracked 
| 180|0x00000000cb400000, 0x00000000cb400000, 0x00000000cb500000|  0%| F|  |TAMS 0x00000000cb400000, 0x00000000cb400000| Untracked 
| 181|0x00000000cb500000, 0x00000000cb500000, 0x00000000cb600000|  0%| F|  |TAMS 0x00000000cb500000, 0x00000000cb500000| Untracked 
| 182|0x00000000cb600000, 0x00000000cb600000, 0x00000000cb700000|  0%| F|  |TAMS 0x00000000cb600000, 0x00000000cb600000| Untracked 
| 183|0x00000000cb700000, 0x00000000cb700000, 0x00000000cb800000|  0%| F|  |TAMS 0x00000000cb700000, 0x00000000cb700000| Untracked 
| 184|0x00000000cb800000, 0x00000000cb800000, 0x00000000cb900000|  0%| F|  |TAMS 0x00000000cb800000, 0x00000000cb800000| Untracked 
| 185|0x00000000cb900000, 0x00000000cb900000, 0x00000000cba00000|  0%| F|  |TAMS 0x00000000cb900000, 0x00000000cb900000| Untracked 
| 186|0x00000000cba00000, 0x00000000cba00000, 0x00000000cbb00000|  0%| F|  |TAMS 0x00000000cba00000, 0x00000000cba00000| Untracked 
| 187|0x00000000cbb00000, 0x00000000cbb00000, 0x00000000cbc00000|  0%| F|  |TAMS 0x00000000cbb00000, 0x00000000cbb00000| Untracked 
| 188|0x00000000cbc00000, 0x00000000cbc00000, 0x00000000cbd00000|  0%| F|  |TAMS 0x00000000cbc00000, 0x00000000cbc00000| Untracked 
| 189|0x00000000cbd00000, 0x00000000cbd00000, 0x00000000cbe00000|  0%| F|  |TAMS 0x00000000cbd00000, 0x00000000cbd00000| Untracked 
| 190|0x00000000cbe00000, 0x00000000cbe00000, 0x00000000cbf00000|  0%| F|  |TAMS 0x00000000cbe00000, 0x00000000cbe00000| Untracked 
| 191|0x00000000cbf00000, 0x00000000cbf00000, 0x00000000cc000000|  0%| F|  |TAMS 0x00000000cbf00000, 0x00000000cbf00000| Untracked 
| 192|0x00000000cc000000, 0x00000000cc000000, 0x00000000cc100000|  0%| F|  |TAMS 0x00000000cc000000, 0x00000000cc000000| Untracked 
| 193|0x00000000cc100000, 0x00000000cc100000, 0x00000000cc200000|  0%| F|  |TAMS 0x00000000cc100000, 0x00000000cc100000| Untracked 
| 194|0x00000000cc200000, 0x00000000cc200000, 0x00000000cc300000|  0%| F|  |TAMS 0x00000000cc200000, 0x00000000cc200000| Untracked 
| 195|0x00000000cc300000, 0x00000000cc300000, 0x00000000cc400000|  0%| F|  |TAMS 0x00000000cc300000, 0x00000000cc300000| Untracked 
| 196|0x00000000cc400000, 0x00000000cc400000, 0x00000000cc500000|  0%| F|  |TAMS 0x00000000cc400000, 0x00000000cc400000| Untracked 
| 197|0x00000000cc500000, 0x00000000cc500000, 0x00000000cc600000|  0%| F|  |TAMS 0x00000000cc500000, 0x00000000cc500000| Untracked 
| 198|0x00000000cc600000, 0x00000000cc600000, 0x00000000cc700000|  0%| F|  |TAMS 0x00000000cc600000, 0x00000000cc600000| Untracked 
| 199|0x00000000cc700000, 0x00000000cc700000, 0x00000000cc800000|  0%| F|  |TAMS 0x00000000cc700000, 0x00000000cc700000| Untracked 
| 200|0x00000000cc800000, 0x00000000cc800000, 0x00000000cc900000|  0%| F|  |TAMS 0x00000000cc800000, 0x00000000cc800000| Untracked 
| 201|0x00000000cc900000, 0x00000000cc900000, 0x00000000cca00000|  0%| F|  |TAMS 0x00000000cc900000, 0x00000000cc900000| Untracked 
| 202|0x00000000cca00000, 0x00000000cca00000, 0x00000000ccb00000|  0%| F|  |TAMS 0x00000000cca00000, 0x00000000cca00000| Untracked 
| 203|0x00000000ccb00000, 0x00000000ccb00000, 0x00000000ccc00000|  0%| F|  |TAMS 0x00000000ccb00000, 0x00000000ccb00000| Untracked 
| 204|0x00000000ccc00000, 0x00000000ccc00000, 0x00000000ccd00000|  0%| F|  |TAMS 0x00000000ccc00000, 0x00000000ccc00000| Untracked 
| 205|0x00000000ccd00000, 0x00000000ccd00000, 0x00000000cce00000|  0%| F|  |TAMS 0x00000000ccd00000, 0x00000000ccd00000| Untracked 
| 206|0x00000000cce00000, 0x00000000cce00000, 0x00000000ccf00000|  0%| F|  |TAMS 0x00000000cce00000, 0x00000000cce00000| Untracked 
| 207|0x00000000ccf00000, 0x00000000ccf00000, 0x00000000cd000000|  0%| F|  |TAMS 0x00000000ccf00000, 0x00000000ccf00000| Untracked 
| 208|0x00000000cd000000, 0x00000000cd000000, 0x00000000cd100000|  0%| F|  |TAMS 0x00000000cd000000, 0x00000000cd000000| Untracked 
| 209|0x00000000cd100000, 0x00000000cd100000, 0x00000000cd200000|  0%| F|  |TAMS 0x00000000cd100000, 0x00000000cd100000| Untracked 
| 210|0x00000000cd200000, 0x00000000cd200000, 0x00000000cd300000|  0%| F|  |TAMS 0x00000000cd200000, 0x00000000cd200000| Untracked 
| 211|0x00000000cd300000, 0x00000000cd300000, 0x00000000cd400000|  0%| F|  |TAMS 0x00000000cd300000, 0x00000000cd300000| Untracked 
| 212|0x00000000cd400000, 0x00000000cd400000, 0x00000000cd500000|  0%| F|  |TAMS 0x00000000cd400000, 0x00000000cd400000| Untracked 
| 213|0x00000000cd500000, 0x00000000cd500000, 0x00000000cd600000|  0%| F|  |TAMS 0x00000000cd500000, 0x00000000cd500000| Untracked 
| 214|0x00000000cd600000, 0x00000000cd600000, 0x00000000cd700000|  0%| F|  |TAMS 0x00000000cd600000, 0x00000000cd600000| Untracked 
| 215|0x00000000cd700000, 0x00000000cd700000, 0x00000000cd800000|  0%| F|  |TAMS 0x00000000cd700000, 0x00000000cd700000| Untracked 
| 216|0x00000000cd800000, 0x00000000cd800000, 0x00000000cd900000|  0%| F|  |TAMS 0x00000000cd800000, 0x00000000cd800000| Untracked 
| 217|0x00000000cd900000, 0x00000000cd900000, 0x00000000cda00000|  0%| F|  |TAMS 0x00000000cd900000, 0x00000000cd900000| Untracked 
| 218|0x00000000cda00000, 0x00000000cda00000, 0x00000000cdb00000|  0%| F|  |TAMS 0x00000000cda00000, 0x00000000cda00000| Untracked 
| 219|0x00000000cdb00000, 0x00000000cdb00000, 0x00000000cdc00000|  0%| F|  |TAMS 0x00000000cdb00000, 0x00000000cdb00000| Untracked 
| 220|0x00000000cdc00000, 0x00000000cdc00000, 0x00000000cdd00000|  0%| F|  |TAMS 0x00000000cdc00000, 0x00000000cdc00000| Untracked 
| 221|0x00000000cdd00000, 0x00000000cdd00000, 0x00000000cde00000|  0%| F|  |TAMS 0x00000000cdd00000, 0x00000000cdd00000| Untracked 
| 222|0x00000000cde00000, 0x00000000cdefce48, 0x00000000cdf00000| 98%| S|CS|TAMS 0x00000000cde00000, 0x00000000cde00000| Complete 
| 223|0x00000000cdf00000, 0x00000000ce000000, 0x00000000ce000000|100%| S|CS|TAMS 0x00000000cdf00000, 0x00000000cdf00000| Complete 
| 224|0x00000000ce000000, 0x00000000ce100000, 0x00000000ce100000|100%| S|CS|TAMS 0x00000000ce000000, 0x00000000ce000000| Complete 
| 225|0x00000000ce100000, 0x00000000ce200000, 0x00000000ce200000|100%| S|CS|TAMS 0x00000000ce100000, 0x00000000ce100000| Complete 
| 226|0x00000000ce200000, 0x00000000ce300000, 0x00000000ce300000|100%| S|CS|TAMS 0x00000000ce200000, 0x00000000ce200000| Complete 
| 227|0x00000000ce300000, 0x00000000ce400000, 0x00000000ce400000|100%| S|CS|TAMS 0x00000000ce300000, 0x00000000ce300000| Complete 
| 228|0x00000000ce400000, 0x00000000ce400000, 0x00000000ce500000|  0%| F|  |TAMS 0x00000000ce400000, 0x00000000ce400000| Untracked 
| 229|0x00000000ce500000, 0x00000000ce500000, 0x00000000ce600000|  0%| F|  |TAMS 0x00000000ce500000, 0x00000000ce500000| Untracked 
| 230|0x00000000ce600000, 0x00000000ce600000, 0x00000000ce700000|  0%| F|  |TAMS 0x00000000ce600000, 0x00000000ce600000| Untracked 
| 231|0x00000000ce700000, 0x00000000ce700000, 0x00000000ce800000|  0%| F|  |TAMS 0x00000000ce700000, 0x00000000ce700000| Untracked 
| 232|0x00000000ce800000, 0x00000000ce800000, 0x00000000ce900000|  0%| F|  |TAMS 0x00000000ce800000, 0x00000000ce800000| Untracked 
| 233|0x00000000ce900000, 0x00000000ce900000, 0x00000000cea00000|  0%| F|  |TAMS 0x00000000ce900000, 0x00000000ce900000| Untracked 
| 234|0x00000000cea00000, 0x00000000cea00000, 0x00000000ceb00000|  0%| F|  |TAMS 0x00000000cea00000, 0x00000000cea00000| Untracked 
| 235|0x00000000ceb00000, 0x00000000ceb00000, 0x00000000cec00000|  0%| F|  |TAMS 0x00000000ceb00000, 0x00000000ceb00000| Untracked 
| 236|0x00000000cec00000, 0x00000000cec00000, 0x00000000ced00000|  0%| F|  |TAMS 0x00000000cec00000, 0x00000000cec00000| Untracked 
| 237|0x00000000ced00000, 0x00000000ced00000, 0x00000000cee00000|  0%| F|  |TAMS 0x00000000ced00000, 0x00000000ced00000| Untracked 
| 238|0x00000000cee00000, 0x00000000cee00000, 0x00000000cef00000|  0%| F|  |TAMS 0x00000000cee00000, 0x00000000cee00000| Untracked 
| 239|0x00000000cef00000, 0x00000000cef00000, 0x00000000cf000000|  0%| F|  |TAMS 0x00000000cef00000, 0x00000000cef00000| Untracked 
| 240|0x00000000cf000000, 0x00000000cf000000, 0x00000000cf100000|  0%| F|  |TAMS 0x00000000cf000000, 0x00000000cf000000| Untracked 
| 241|0x00000000cf100000, 0x00000000cf200000, 0x00000000cf200000|100%| E|  |TAMS 0x00000000cf100000, 0x00000000cf100000| Complete 
| 242|0x00000000cf200000, 0x00000000cf300000, 0x00000000cf300000|100%| E|CS|TAMS 0x00000000cf200000, 0x00000000cf200000| Complete 
| 243|0x00000000cf300000, 0x00000000cf400000, 0x00000000cf400000|100%| E|CS|TAMS 0x00000000cf300000, 0x00000000cf300000| Complete 
| 244|0x00000000cf400000, 0x00000000cf500000, 0x00000000cf500000|100%| E|CS|TAMS 0x00000000cf400000, 0x00000000cf400000| Complete 
| 245|0x00000000cf500000, 0x00000000cf600000, 0x00000000cf600000|100%| E|CS|TAMS 0x00000000cf500000, 0x00000000cf500000| Complete 
| 246|0x00000000cf600000, 0x00000000cf700000, 0x00000000cf700000|100%| E|CS|TAMS 0x00000000cf600000, 0x00000000cf600000| Complete 
| 247|0x00000000cf700000, 0x00000000cf800000, 0x00000000cf800000|100%| E|CS|TAMS 0x00000000cf700000, 0x00000000cf700000| Complete 
| 248|0x00000000cf800000, 0x00000000cf900000, 0x00000000cf900000|100%| E|CS|TAMS 0x00000000cf800000, 0x00000000cf800000| Complete 
| 249|0x00000000cf900000, 0x00000000cfa00000, 0x00000000cfa00000|100%| E|CS|TAMS 0x00000000cf900000, 0x00000000cf900000| Complete 
| 250|0x00000000cfa00000, 0x00000000cfb00000, 0x00000000cfb00000|100%| E|CS|TAMS 0x00000000cfa00000, 0x00000000cfa00000| Complete 
| 251|0x00000000cfb00000, 0x00000000cfc00000, 0x00000000cfc00000|100%| E|CS|TAMS 0x00000000cfb00000, 0x00000000cfb00000| Complete 
| 252|0x00000000cfc00000, 0x00000000cfd00000, 0x00000000cfd00000|100%| E|CS|TAMS 0x00000000cfc00000, 0x00000000cfc00000| Complete 
| 253|0x00000000cfd00000, 0x00000000cfe00000, 0x00000000cfe00000|100%| E|CS|TAMS 0x00000000cfd00000, 0x00000000cfd00000| Complete 
| 254|0x00000000cfe00000, 0x00000000cff00000, 0x00000000cff00000|100%| E|CS|TAMS 0x00000000cfe00000, 0x00000000cfe00000| Complete 
| 255|0x00000000cff00000, 0x00000000d0000000, 0x00000000d0000000|100%| E|CS|TAMS 0x00000000cff00000, 0x00000000cff00000| Complete 

Card table byte_map: [0x00000266b6820000,0x00000266b6a20000] _byte_map_base: 0x00000266b6220000

Marking Bits (Prev, Next): (CMBitMap*) 0x000002669e2cd548, (CMBitMap*) 0x000002669e2cd580
 Prev Bits: [0x00000266b6c20000, 0x00000266b7c20000)
 Next Bits: [0x00000266b7c20000, 0x00000266b8c20000)

Polling page: 0x000002669ca10000

Metaspace:

Usage:
  Non-class:     31.47 MB capacity,    31.07 MB ( 99%) used,   359.16 KB (  1%) free+waste,    52.00 KB ( <1%) overhead. 
      Class:      4.71 MB capacity,     4.52 MB ( 96%) used,   164.40 KB (  3%) free+waste,    23.44 KB ( <1%) overhead. 
       Both:     36.17 MB capacity,    35.59 MB ( 98%) used,   523.56 KB (  1%) free+waste,    75.44 KB ( <1%) overhead. 

Virtual space:
  Non-class space:       32.00 MB reserved,      31.50 MB ( 98%) committed 
      Class space:      504.00 MB reserved,       4.75 MB ( <1%) committed 
             Both:      536.00 MB reserved,      36.25 MB (  7%) committed 

Chunk freelists:
   Non-Class:  32.00 KB
       Class:  14.00 KB
        Both:  46.00 KB

MaxMetaspaceSize: 512.00 MB
CompressedClassSpaceSize: 504.00 MB

CodeHeap 'non-profiled nmethods': size=120000Kb used=1295Kb max_used=1295Kb free=118704Kb
 bounds [0x00000266ae460000, 0x00000266ae6d0000, 0x00000266b5990000]
CodeHeap 'profiled nmethods': size=120000Kb used=5296Kb max_used=5296Kb free=114704Kb
 bounds [0x00000266a6f30000, 0x00000266a7460000, 0x00000266ae460000]
CodeHeap 'non-nmethods': size=5760Kb used=2179Kb max_used=2215Kb free=3580Kb
 bounds [0x00000266a6990000, 0x00000266a6c00000, 0x00000266a6f30000]
 total_blobs=3260 nmethods=2530 adapters=641
 compilation: enabled
              stopped_count=0, restarted_count=0
 full_count=0

Compilation events (20 events):
Event: 2.579 Thread 0x00000266bc144000 2720       3       org.objectweb.asm.Handler::putExceptionTable (63 bytes)
Event: 2.579 Thread 0x00000266bc144000 nmethod 2720 0x00000266a744f510 code [0x00000266a744f740, 0x00000266a744fba8]
Event: 2.581 Thread 0x00000266bc144000 2721       3       java.util.regex.Pattern::curly (115 bytes)
Event: 2.581 Thread 0x00000266be236800 2722       4       java.lang.String::checkIndex (46 bytes)
Event: 2.581 Thread 0x00000266be236800 nmethod 2722 0x00000266ae5a1a90 code [0x00000266ae5a1c20, 0x00000266ae5a1c98]
Event: 2.582 Thread 0x00000266bc144000 nmethod 2721 0x00000266a744fe90 code [0x00000266a74501e0, 0x00000266a7451a88]
Event: 2.582 Thread 0x00000266bc144000 2723       3       java.util.regex.Pattern::range (292 bytes)
Event: 2.584 Thread 0x00000266bc144000 nmethod 2723 0x00000266a7452090 code [0x00000266a7452540, 0x00000266a7454728]
Event: 2.584 Thread 0x00000266bc144000 2724       3       java.lang.reflect.Method::acquireMethodAccessor (44 bytes)
Event: 2.584 Thread 0x00000266bc140000 nmethod 2713 0x00000266ae5a1d90 code [0x00000266ae5a1f40, 0x00000266ae5a2738]
Event: 2.584 Thread 0x00000266bc144000 nmethod 2724 0x00000266a7455310 code [0x00000266a7455500, 0x00000266a74559d8]
Event: 2.586 Thread 0x00000266bc144000 2725       1       com.google.common.base.Suppliers$SupplierOfInstance::get (5 bytes)
Event: 2.586 Thread 0x00000266bc144000 nmethod 2725 0x00000266ae5a2a90 code [0x00000266ae5a2c40, 0x00000266ae5a2cf8]
Event: 2.602 Thread 0x00000266be236800 2726       4       java.lang.String::equalsIgnoreCase (45 bytes)
Event: 2.609 Thread 0x00000266be236800 nmethod 2726 0x00000266ae5a2d90 code [0x00000266ae5a2f40, 0x00000266ae5a34d8]
Event: 2.620 Thread 0x00000266bc144000 2727       3       java.util.ArrayList::fastRemove (44 bytes)
Event: 2.621 Thread 0x00000266bc144000 nmethod 2727 0x00000266a7455b90 code [0x00000266a7455d60, 0x00000266a7456148]
Event: 2.638 Thread 0x00000266bc144000 2728       3       java.lang.Long::valueOf (40 bytes)
Event: 2.639 Thread 0x00000266bc144000 nmethod 2728 0x00000266a7456290 code [0x00000266a7456460, 0x00000266a7456798]
Event: 2.639 Thread 0x00000266bc144000 2729       3       java.util.ArrayList::remove (26 bytes)

GC Heap History (8 events):
Event: 0.464 GC heap before
{Heap before GC invocations=0 (full 0):
 garbage-first heap   total 262144K, used 26624K [0x00000000c0000000, 0x0000000100000000)
  region size 1024K, 24 young (24576K), 0 survivors (0K)
 Metaspace       used 10655K, capacity 10923K, committed 11008K, reserved 526336K
  class space    used 1118K, capacity 1195K, committed 1280K, reserved 516096K
}
Event: 0.468 GC heap after
{Heap after GC invocations=1 (full 0):
 garbage-first heap   total 262144K, used 7804K [0x00000000c0000000, 0x0000000100000000)
  region size 1024K, 3 young (3072K), 3 survivors (3072K)
 Metaspace       used 10655K, capacity 10923K, committed 11008K, reserved 526336K
  class space    used 1118K, capacity 1195K, committed 1280K, reserved 516096K
}
Event: 1.449 GC heap before
{Heap before GC invocations=1 (full 0):
 garbage-first heap   total 262144K, used 81532K [0x00000000c0000000, 0x0000000100000000)
  region size 1024K, 77 young (78848K), 3 survivors (3072K)
 Metaspace       used 20759K, capacity 21207K, committed 21248K, reserved 534528K
  class space    used 2627K, capacity 2807K, committed 2816K, reserved 516096K
}
Event: 1.459 GC heap after
{Heap after GC invocations=2 (full 0):
 garbage-first heap   total 262144K, used 15352K [0x00000000c0000000, 0x0000000100000000)
  region size 1024K, 11 young (11264K), 11 survivors (11264K)
 Metaspace       used 20759K, capacity 21207K, committed 21248K, reserved 534528K
  class space    used 2627K, capacity 2807K, committed 2816K, reserved 516096K
}
Event: 2.151 GC heap before
{Heap before GC invocations=3 (full 0):
 garbage-first heap   total 262144K, used 76792K [0x00000000c0000000, 0x0000000100000000)
  region size 1024K, 69 young (70656K), 11 survivors (11264K)
 Metaspace       used 31795K, capacity 32370K, committed 32640K, reserved 544768K
  class space    used 3926K, capacity 4137K, committed 4224K, reserved 516096K
}
Event: 2.158 GC heap after
{Heap after GC invocations=4 (full 0):
 garbage-first heap   total 262144K, used 20041K [0x00000000c0000000, 0x0000000100000000)
  region size 1024K, 5 young (5120K), 5 survivors (5120K)
 Metaspace       used 31795K, capacity 32370K, committed 32640K, reserved 544768K
  class space    used 3926K, capacity 4137K, committed 4224K, reserved 516096K
}
Event: 2.496 GC heap before
{Heap before GC invocations=4 (full 0):
 garbage-first heap   total 262144K, used 46665K [0x00000000c0000000, 0x0000000100000000)
  region size 1024K, 33 young (33792K), 5 survivors (5120K)
 Metaspace       used 35118K, capacity 35727K, committed 35840K, reserved 548864K
  class space    used 4386K, capacity 4593K, committed 4608K, reserved 516096K
}
Event: 2.504 GC heap after
{Heap after GC invocations=5 (full 0):
 garbage-first heap   total 262144K, used 21100K [0x00000000c0000000, 0x0000000100000000)
  region size 1024K, 6 young (6144K), 6 survivors (6144K)
 Metaspace       used 35118K, capacity 35727K, committed 35840K, reserved 548864K
  class space    used 4386K, capacity 4593K, committed 4608K, reserved 516096K
}

Deoptimization events (20 events):
Event: 2.445 Thread 0x00000266bd43a800 DEOPT PACKING pc=0x00000266ae58373c sp=0x000000fa48bfa400
Event: 2.445 Thread 0x00000266bd43a800 DEOPT UNPACKING pc=0x00000266a69b74af sp=0x000000fa48bfa360 mode 2
Event: 2.446 Thread 0x00000266bd43a800 Uncommon trap: trap_request=0xffffff6e fr.pc=0x00000266ae57dfe0 relative=0x00000000000007a0
Event: 2.447 Thread 0x00000266bd43a800 Uncommon trap: reason=speculate_class_check action=maybe_recompile pc=0x00000266ae57dfe0 method=java.lang.reflect.Executable.declaredAnnotations()Ljava/util/Map; @ 23 c2
Event: 2.447 Thread 0x00000266bd43a800 DEOPT PACKING pc=0x00000266ae57dfe0 sp=0x000000fa48bfa4a0
Event: 2.447 Thread 0x00000266bd43a800 DEOPT UNPACKING pc=0x00000266a69b74af sp=0x000000fa48bfa3e0 mode 2
Event: 2.483 Thread 0x00000266bd43a800 Uncommon trap: trap_request=0xffffff7e fr.pc=0x00000266ae5080c0 relative=0x0000000000000160
Event: 2.483 Thread 0x00000266bd43a800 Uncommon trap: reason=predicate action=maybe_recompile pc=0x00000266ae5080c0 method=com.google.common.base.CharMatcher.indexIn(Ljava/lang/CharSequence;I)I @ 19 c2
Event: 2.483 Thread 0x00000266bd43a800 DEOPT PACKING pc=0x00000266ae5080c0 sp=0x000000fa48bfa720
Event: 2.483 Thread 0x00000266bd43a800 DEOPT UNPACKING pc=0x00000266a69b74af sp=0x000000fa48bfa6c8 mode 2
Event: 2.529 Thread 0x00000266bd43a800 Uncommon trap: trap_request=0xffffff6e fr.pc=0x00000266ae57dfe0 relative=0x00000000000007a0
Event: 2.529 Thread 0x00000266bd43a800 Uncommon trap: reason=speculate_class_check action=maybe_recompile pc=0x00000266ae57dfe0 method=java.lang.reflect.Executable.declaredAnnotations()Ljava/util/Map; @ 23 c2
Event: 2.529 Thread 0x00000266bd43a800 DEOPT PACKING pc=0x00000266ae57dfe0 sp=0x000000fa48bf98e0
Event: 2.529 Thread 0x00000266bd43a800 DEOPT UNPACKING pc=0x00000266a69b74af sp=0x000000fa48bf9820 mode 2
Event: 2.544 Thread 0x00000266bd43a800 Uncommon trap: trap_request=0xffffff6e fr.pc=0x00000266ae57dfe0 relative=0x00000000000007a0
Event: 2.544 Thread 0x00000266bd43a800 Uncommon trap: reason=speculate_class_check action=maybe_recompile pc=0x00000266ae57dfe0 method=java.lang.reflect.Executable.declaredAnnotations()Ljava/util/Map; @ 23 c2
Event: 2.544 Thread 0x00000266bd43a800 DEOPT PACKING pc=0x00000266ae57dfe0 sp=0x000000fa48bfa6b0
Event: 2.544 Thread 0x00000266bd43a800 DEOPT UNPACKING pc=0x00000266a69b74af sp=0x000000fa48bfa5f0 mode 2
Event: 2.588 Thread 0x00000266bd43a800 DEOPT PACKING pc=0x00000266a726859b sp=0x000000fa48bf7e00
Event: 2.588 Thread 0x00000266bd43a800 DEOPT UNPACKING pc=0x00000266a69b72ce sp=0x000000fa48bf7340 mode 0

Classes redefined (0 events):
No events

Internal exceptions (20 events):
Event: 2.104 Thread 0x00000266bd43a800 Exception <a 'java/security/PrivilegedActionException'{0x00000000cc9f5d10}> (0x00000000cc9f5d10) thrown at [./src/hotspot/share/prims/jvm.cpp, line 1305]
Event: 2.104 Thread 0x00000266bd43a800 Exception <a 'java/security/PrivilegedActionException'{0x00000000cc9f6a80}> (0x00000000cc9f6a80) thrown at [./src/hotspot/share/prims/jvm.cpp, line 1305]
Event: 2.104 Thread 0x00000266bd43a800 Exception <a 'java/security/PrivilegedActionException'{0x00000000cc9ff468}> (0x00000000cc9ff468) thrown at [./src/hotspot/share/prims/jvm.cpp, line 1305]
Event: 2.104 Thread 0x00000266bd43a800 Exception <a 'java/security/PrivilegedActionException'{0x00000000cc800448}> (0x00000000cc800448) thrown at [./src/hotspot/share/prims/jvm.cpp, line 1305]
Event: 2.105 Thread 0x00000266bd43a800 Exception <a 'java/security/PrivilegedActionException'{0x00000000cc8071f8}> (0x00000000cc8071f8) thrown at [./src/hotspot/share/prims/jvm.cpp, line 1305]
Event: 2.105 Thread 0x00000266bd43a800 Exception <a 'java/security/PrivilegedActionException'{0x00000000cc807f68}> (0x00000000cc807f68) thrown at [./src/hotspot/share/prims/jvm.cpp, line 1305]
Event: 2.105 Thread 0x00000266bd43a800 Exception <a 'java/lang/ClassNotFoundException'{0x00000000cc80e9a0}: groovy/lang/ReferenceCustomizer> (0x00000000cc80e9a0) thrown at [./src/hotspot/share/classfile/systemDictionary.cpp, line 231]
Event: 2.135 Thread 0x00000266bd43a800 Implicit null exception at 0x00000266ae55f50c to 0x00000266ae55f5c4
Event: 2.188 Thread 0x00000266bd43a800 Implicit null exception at 0x00000266ae4bf775 to 0x00000266ae4bf93c
Event: 2.259 Thread 0x00000266bd43a800 Implicit null exception at 0x00000266ae50bcf4 to 0x00000266ae50bf04
Event: 2.259 Thread 0x00000266bd43a800 Implicit null exception at 0x00000266ae503b3b to 0x00000266ae5041da
Event: 2.342 Thread 0x00000266bd43a800 Exception <a 'java/lang/ClassNotFoundException'{0x00000000cf291878}: org/gradle/internal/metaobject/ConfigureDelegateBeanInfo> (0x00000000cf291878) thrown at [./src/hotspot/share/classfile/systemDictionary.cpp, line 231]
Event: 2.342 Thread 0x00000266bd43a800 Exception <a 'java/lang/ClassNotFoundException'{0x00000000cf2a1b30}: org/gradle/internal/metaobject/ConfigureDelegateCustomizer> (0x00000000cf2a1b30) thrown at [./src/hotspot/share/classfile/systemDictionary.cpp, line 231]
Event: 2.349 Thread 0x00000266bd43a800 Exception <a 'java/lang/ClassNotFoundException'{0x00000000cf15a890}: org/gradle/api/internal/project/DefaultProject_DecoratedBeanInfo> (0x00000000cf15a890) thrown at [./src/hotspot/share/classfile/systemDictionary.cpp, line 231]
Event: 2.349 Thread 0x00000266bd43a800 Exception <a 'java/lang/ClassNotFoundException'{0x00000000cf16b890}: org/gradle/api/internal/project/DefaultProjectBeanInfo> (0x00000000cf16b890) thrown at [./src/hotspot/share/classfile/systemDictionary.cpp, line 231]
Event: 2.349 Thread 0x00000266bd43a800 Exception <a 'java/lang/ClassNotFoundException'{0x00000000cf17c858}: org/gradle/api/internal/project/DefaultProjectCustomizer> (0x00000000cf17c858) thrown at [./src/hotspot/share/classfile/systemDictionary.cpp, line 231]
Event: 2.354 Thread 0x00000266bd43a800 Exception <a 'java/lang/ClassNotFoundException'{0x00000000cf015cc0}: org/gradle/api/internal/project/DefaultProject_DecoratedCustomizer> (0x00000000cf015cc0) thrown at [./src/hotspot/share/classfile/systemDictionary.cpp, line 231]
Event: 2.368 Thread 0x00000266bd43a800 Exception <a 'java/lang/ClassNotFoundException'{0x00000000cef1ffd8}: org/gradle/configuration/internal/DefaultListenerBuildOperationDecorator$BuildOperationEmittingClosureBeanInfo> (0x00000000cef1ffd8) thrown at [./src/hotspot/share/classfile/systemDictionary.cpp, line 231]
Event: 2.368 Thread 0x00000266bd43a800 Exception <a 'java/lang/ClassNotFoundException'{0x00000000cef35a68}: org/gradle/configuration/internal/DefaultListenerBuildOperationDecorator$BuildOperationEmittingClosureCustomizer> (0x00000000cef35a68) thrown at [./src/hotspot/share/classfile/systemDictionary.cpp, line 231]
Event: 2.443 Thread 0x00000266bd43a800 Exception <a 'java/lang/NoSuchMethodError'{0x00000000ce874268}: 'java.lang.Object java.lang.invoke.DirectMethodHandle$Holder.invokeInterface(java.lang.Object, java.lang.Object, java.lang.Object)'> (0x00000000ce874268) thrown at [./src/hotspot/share/interpreter/linkResolver.cpp, line 773]

Events (20 events):
Event: 2.626 loading class org/gradle/internal/resolve/caching/DesugaringAttributeContainerSerializer done
Event: 2.626 loading class org/gradle/internal/component/external/model/ModuleComponentResolveMetadata
Event: 2.626 loading class org/gradle/internal/component/external/model/ModuleComponentResolveMetadata done
Event: 2.626 loading class org/gradle/api/artifacts/component/ModuleComponentIdentifier
Event: 2.626 loading class org/gradle/api/artifacts/component/ModuleComponentIdentifier done
Event: 2.627 loading class org/gradle/internal/component/external/model/ivy/RealisedIvyModuleResolveMetadataSerializationHelper
Event: 2.627 loading class org/gradle/internal/component/external/model/ivy/RealisedIvyModuleResolveMetadataSerializationHelper done
Event: 2.628 loading class org/gradle/internal/component/external/model/AbstractRealisedModuleResolveMetadataSerializationHelper
Event: 2.628 loading class org/gradle/internal/component/external/model/AbstractRealisedModuleResolveMetadataSerializationHelper done
Event: 2.629 loading class org/gradle/internal/component/model/ConfigurationMetadata
Event: 2.629 loading class org/gradle/internal/component/model/ConfigurationMetadata done
Event: 2.630 loading class org/gradle/internal/component/external/model/maven/RealisedMavenModuleResolveMetadataSerializationHelper
Event: 2.630 loading class org/gradle/internal/component/external/model/maven/RealisedMavenModuleResolveMetadataSerializationHelper done
Event: 2.631 loading class org/gradle/internal/resolve/caching/ComponentMetadataRuleExecutor$2
Event: 2.631 loading class org/gradle/internal/resolve/caching/ComponentMetadataRuleExecutor$2 done
Event: 2.631 loading class org/gradle/internal/resolve/caching/ComponentMetadataRuleExecutor$1
Event: 2.631 loading class org/gradle/internal/resolve/caching/ComponentMetadataRuleExecutor$1 done
Event: 2.632 Thread 0x00000266c08e9800 Thread added: 0x00000266c08e9800
Event: 2.639 loading class org/gradle/api/internal/artifacts/ComponentMetadataProcessor
Event: 2.639 loading class org/gradle/api/internal/artifacts/ComponentMetadataProcessor done


Dynamic libraries:
0x00007ff6c32a0000 - 0x00007ff6c32ad000 	C:\Users\joenz\.jdks\corretto-11.0.9.1\bin\java.exe
0x00007ff99e450000 - 0x00007ff99e645000 	C:\WINDOWS\SYSTEM32\ntdll.dll
0x00007ff99d900000 - 0x00007ff99d9be000 	C:\WINDOWS\System32\KERNEL32.DLL
0x00007ff99bf60000 - 0x00007ff99c229000 	C:\WINDOWS\System32\KERNELBASE.dll
0x00007ff99bd50000 - 0x00007ff99be50000 	C:\WINDOWS\System32\ucrtbase.dll
0x00007ff984070000 - 0x00007ff984085000 	C:\Users\joenz\.jdks\corretto-11.0.9.1\bin\VCRUNTIME140.dll
0x00007ff984050000 - 0x00007ff984067000 	C:\Users\joenz\.jdks\corretto-11.0.9.1\bin\jli.dll
0x00007ff99d750000 - 0x00007ff99d8f1000 	C:\WINDOWS\System32\USER32.dll
0x00007ff986b70000 - 0x00007ff986e0a000 	C:\WINDOWS\WinSxS\amd64_microsoft.windows.common-controls_6595b64144ccf1df_6.0.19041.1110_none_60b5254171f9507e\COMCTL32.dll
0x00007ff99c3d0000 - 0x00007ff99c3f2000 	C:\WINDOWS\System32\win32u.dll
0x00007ff99c560000 - 0x00007ff99c5fe000 	C:\WINDOWS\System32\msvcrt.dll
0x00007ff99d4f0000 - 0x00007ff99d51b000 	C:\WINDOWS\System32\GDI32.dll
0x00007ff99be50000 - 0x00007ff99bf5b000 	C:\WINDOWS\System32\gdi32full.dll
0x00007ff99c400000 - 0x00007ff99c49d000 	C:\WINDOWS\System32\msvcp_win.dll
0x00007ff99cca0000 - 0x00007ff99ccd0000 	C:\WINDOWS\System32\IMM32.DLL
0x00007ff9246c0000 - 0x00007ff92475b000 	C:\Users\joenz\.jdks\corretto-11.0.9.1\bin\msvcp140.dll
0x00007ff8fdec0000 - 0x00007ff8fea04000 	C:\Users\joenz\.jdks\corretto-11.0.9.1\bin\server\jvm.dll
0x00007ff99db20000 - 0x00007ff99dbcc000 	C:\WINDOWS\System32\ADVAPI32.dll
0x00007ff99c7f0000 - 0x00007ff99c88b000 	C:\WINDOWS\System32\sechost.dll
0x00007ff99d9f0000 - 0x00007ff99db1a000 	C:\WINDOWS\System32\RPCRT4.dll
0x00007ff99d9e0000 - 0x00007ff99d9e8000 	C:\WINDOWS\System32\PSAPI.DLL
0x00007ff994c30000 - 0x00007ff994c39000 	C:\WINDOWS\SYSTEM32\WSOCK32.dll
0x00007ff9917c0000 - 0x00007ff9917e7000 	C:\WINDOWS\SYSTEM32\WINMM.dll
0x00007ff99cce0000 - 0x00007ff99cd4b000 	C:\WINDOWS\System32\WS2_32.dll
0x00007ff9917b0000 - 0x00007ff9917ba000 	C:\WINDOWS\SYSTEM32\VERSION.dll
0x00007ff9999b0000 - 0x00007ff9999c2000 	C:\WINDOWS\SYSTEM32\kernel.appcore.dll
0x00007ff985a70000 - 0x00007ff985a80000 	C:\Users\joenz\.jdks\corretto-11.0.9.1\bin\verify.dll
0x00007ff980b10000 - 0x00007ff980cf4000 	C:\WINDOWS\SYSTEM32\DBGHELP.DLL
0x00007ff980970000 - 0x00007ff98099c000 	C:\WINDOWS\SYSTEM32\dbgcore.DLL
0x00007ff99c340000 - 0x00007ff99c3c3000 	C:\WINDOWS\System32\bcryptPrimitives.dll
0x00007ff980d90000 - 0x00007ff980db8000 	C:\Users\joenz\.jdks\corretto-11.0.9.1\bin\java.dll
0x00007ff980d80000 - 0x00007ff980d8a000 	C:\Users\joenz\.jdks\corretto-11.0.9.1\bin\jimage.dll
0x00007ff970cb0000 - 0x00007ff970cc7000 	C:\Users\joenz\.jdks\corretto-11.0.9.1\bin\zip.dll
0x00007ff99cdb0000 - 0x00007ff99d4ef000 	C:\WINDOWS\System32\SHELL32.dll
0x00007ff999c90000 - 0x00007ff99a420000 	C:\WINDOWS\SYSTEM32\windows.storage.dll
0x00007ff99c890000 - 0x00007ff99cbe5000 	C:\WINDOWS\System32\combase.dll
0x00007ff99b5c0000 - 0x00007ff99b5ec000 	C:\WINDOWS\SYSTEM32\Wldp.dll
0x00007ff99d520000 - 0x00007ff99d5ce000 	C:\WINDOWS\System32\SHCORE.dll
0x00007ff99c4a0000 - 0x00007ff99c4f5000 	C:\WINDOWS\System32\shlwapi.dll
0x00007ff99bab0000 - 0x00007ff99bacf000 	C:\WINDOWS\SYSTEM32\profapi.dll
0x00007ff96a1d0000 - 0x00007ff96a1e9000 	C:\Users\joenz\.jdks\corretto-11.0.9.1\bin\net.dll
0x00007ff9918d0000 - 0x00007ff9919d8000 	C:\WINDOWS\SYSTEM32\WINHTTP.dll
0x00007ff99b320000 - 0x00007ff99b38a000 	C:\WINDOWS\system32\mswsock.dll
0x00007ff96a1b0000 - 0x00007ff96a1c2000 	C:\Users\joenz\.jdks\corretto-11.0.9.1\bin\nio.dll
0x00007ff97a6f0000 - 0x00007ff97a716000 	C:\Users\joenz\.gradle\native\28\windows-amd64\native-platform.dll
0x00007ff978220000 - 0x00007ff978229000 	C:\Users\joenz\.jdks\corretto-11.0.9.1\bin\management.dll
0x00007ff972a50000 - 0x00007ff972a5b000 	C:\Users\joenz\.jdks\corretto-11.0.9.1\bin\management_ext.dll
0x00007ff99b510000 - 0x00007ff99b528000 	C:\WINDOWS\SYSTEM32\CRYPTSP.dll
0x00007ff99ac30000 - 0x00007ff99ac64000 	C:\WINDOWS\system32\rsaenh.dll
0x00007ff99bd20000 - 0x00007ff99bd47000 	C:\WINDOWS\System32\bcrypt.dll
0x00007ff99ba70000 - 0x00007ff99ba9e000 	C:\WINDOWS\SYSTEM32\USERENV.dll
0x00007ff99b530000 - 0x00007ff99b53c000 	C:\WINDOWS\SYSTEM32\CRYPTBASE.dll
0x00007ff99afc0000 - 0x00007ff99affb000 	C:\WINDOWS\SYSTEM32\IPHLPAPI.DLL
0x00007ff99ccd0000 - 0x00007ff99ccd8000 	C:\WINDOWS\System32\NSI.dll
0x00007ff994da0000 - 0x00007ff994db7000 	C:\WINDOWS\SYSTEM32\dhcpcsvc6.DLL
0x00007ff994d80000 - 0x00007ff994d9d000 	C:\WINDOWS\SYSTEM32\dhcpcsvc.DLL
0x00007ff99b010000 - 0x00007ff99b0dc000 	C:\WINDOWS\SYSTEM32\DNSAPI.dll

dbghelp: loaded successfully - version: 4.0.5 - missing functions: none
symbol engine: initialized successfully - sym options: 0x614 - pdb path: .;C:\Users\joenz\.jdks\corretto-11.0.9.1\bin;C:\WINDOWS\SYSTEM32;C:\WINDOWS\WinSxS\amd64_microsoft.windows.common-controls_6595b64144ccf1df_6.0.19041.1110_none_60b5254171f9507e;C:\Users\joenz\.jdks\corretto-11.0.9.1\bin\server;C:\Users\joenz\.gradle\native\28\windows-amd64

VM Arguments:
jvm_args: -XX:MaxMetaspaceSize=512m -XX:+HeapDumpOnOutOfMemoryError --add-opens=java.base/java.util=ALL-UNNAMED --add-opens=java.base/java.lang=ALL-UNNAMED --add-opens=java.base/java.lang.invoke=ALL-UNNAMED --add-opens=java.prefs/java.util.prefs=ALL-UNNAMED -Xmx1024m -Dfile.encoding=utf-8 -Duser.country=SG -Duser.language=en -Duser.variant 
java_command: org.gradle.launcher.daemon.bootstrap.GradleDaemon 5.2.1
java_class_path (initial): C:\Users\joenz\.gradle\wrapper\dists\gradle-5.2.1-bin\9lc4nzslqh3ep7ml2tp68fk8s\gradle-5.2.1\lib\gradle-launcher-5.2.1.jar
Launcher Type: SUN_STANDARD

[Global flags]
     intx CICompilerCount                          = 4                                         {product} {ergonomic}
   size_t CompressedClassSpaceSize                 = 528482304                                 {product} {ergonomic}
     uint ConcGCThreads                            = 3                                         {product} {ergonomic}
     uint G1ConcRefinementThreads                  = 10                                        {product} {ergonomic}
   size_t G1HeapRegionSize                         = 1048576                                   {product} {ergonomic}
    uintx GCDrainStackTargetSize                   = 64                                        {product} {ergonomic}
     bool HeapDumpOnOutOfMemoryError               = true                                   {manageable} {command line}
   size_t InitialHeapSize                          = 268435456                                 {product} {ergonomic}
   size_t MarkStackSize                            = 4194304                                   {product} {ergonomic}
   size_t MaxHeapSize                              = 1073741824                                {product} {command line}
   size_t MaxMetaspaceSize                         = 536870912                                 {product} {command line}
   size_t MaxNewSize                               = 643825664                                 {product} {ergonomic}
   size_t MinHeapDeltaBytes                        = 1048576                                   {product} {ergonomic}
    uintx NonNMethodCodeHeapSize                   = 5836300                                {pd product} {ergonomic}
    uintx NonProfiledCodeHeapSize                  = 122910970                              {pd product} {ergonomic}
    uintx ProfiledCodeHeapSize                     = 122910970                              {pd product} {ergonomic}
    uintx ReservedCodeCacheSize                    = 251658240                              {pd product} {ergonomic}
     bool SegmentedCodeCache                       = true                                      {product} {ergonomic}
     bool UseCompressedClassPointers               = true                                 {lp64_product} {ergonomic}
     bool UseCompressedOops                        = true                                 {lp64_product} {ergonomic}
     bool UseG1GC                                  = true                                      {product} {ergonomic}
     bool UseLargePagesIndividualAllocation        = false                                  {pd product} {ergonomic}

Logging:
Log output configuration:
 #0: stdout all=warning uptime,level,tags
 #1: stderr all=off uptime,level,tags

Environment Variables:
PATH=C:\Program Files\Common Files\Oracle\Java\javapath;C:\Python39\Scripts\;C:\Python39\;C:\Program Files (x86)\Common Files\Oracle\Java\javapath;C:\Windows\system32;C:\Windows;C:\Windows\System32\Wbem;C:\Windows\System32\WindowsPowerShell\v1.0\;C:\Windows\System32\OpenSSH\;C:\Program Files (x86)\NVIDIA Corporation\PhysX\Common;C:\WINDOWS\system32;C:\WINDOWS;C:\WINDOWS\System32\Wbem;C:\WINDOWS\System32\WindowsPowerShell\v1.0\;C:\WINDOWS\System32\OpenSSH\;C:\Program Files\NVIDIA Corporation\NVIDIA NvDLISR;C:\Program Files (x86)\Pulse Secure\VC142.CRT\X64\;C:\Program Files (x86)\Pulse Secure\VC142.CRT\X86\;C:\Program Files\PuTTY\;C:\Program Files\Git\cmd;C:\Program Files (x86)\nodejs\;C:\ProgramData\chocolatey\bin;C:\Program Files\MySQL\MySQL Shell 8.0\bin\;C:\Users\joenz\AppData\Local\Microsoft\WindowsApps;;C:\Users\joenz\AppData\Local\Programs\Microsoft VS Code\bin;C:\Users\joenz\AppData\Roaming\npm
USERNAME=joenz
OS=Windows_NT
PROCESSOR_IDENTIFIER=AMD64 Family 23 Model 113 Stepping 0, AuthenticAMD



---------------  S Y S T E M  ---------------

OS: Windows 10 , 64 bit Build 19041 (10.0.19041.1202)
OS uptime: 0 days 16:54 hours

CPU:total 12 (initial active 12) (12 cores per cpu, 2 threads per core) family 23 model 113 stepping 0, cmov, cx8, fxsr, mmx, sse, sse2, sse3, ssse3, sse4.1, sse4.2, popcnt, avx, avx2, aes, clmul, mmxext, 3dnowpref, lzcnt, sse4a, ht, tsc, tscinvbit, tscinv, bmi1, bmi2, adx, sha, fma

Memory: 4k page, system-wide physical 16334M (1318M free)
TotalPageFile size 33790M (AvailPageFile size 3M)
current process WorkingSet (physical memory assigned to process): 250M, peak: 252M
current process commit charge ("private bytes"): 450M, peak: 452M

vm_info: OpenJDK 64-Bit Server VM (11.0.9.1+12-LTS) for windows-amd64 JRE (11.0.9.1+12-LTS), built on Nov  4 2020 10:17:53 by "Administrator" with MS VC++ 15.9 (VS2017)

END.
